2019-06-23T10:27:14+00:00 CRITICAL Uncaught Error: Cannot use object of type WC_Order as array in E:\xampp\htdocs\kankunsa_store\wp-content\plugins\wooxero\wooxero.php:140
Stack trace:
#0 E:\xampp\htdocs\kankunsa_store\wp-includes\class-wp-hook.php(286): order_compler(2805)
#1 E:\xampp\htdocs\kankunsa_store\wp-includes\class-wp-hook.php(310): WP_Hook->apply_filters(NULL, Array)
#2 E:\xampp\htdocs\kankunsa_store\wp-includes\plugin.php(465): WP_Hook->do_action(Array)
#3 E:\xampp\htdocs\kankunsa_store\wp-content\plugins\woocommerce\templates\checkout\thankyou.php(78): do_action('woocommerce_tha...', 2805)
#4 E:\xampp\htdocs\kankunsa_store\wp-content\plugins\woocommerce\includes\wc-core-functions.php(249): include('E:\\xampp\\htdocs...')
#5 E:\xampp\htdocs\kankunsa_store\wp-content\plugins\woocommerce\includes\shortcodes\class-wc-shortcode-checkout.php(248): wc_get_template('checkout/thanky...', Array)
#6 E:\xampp\htdocs\kankunsa_store\wp-content\plugins\woocommerce\includes\shortcodes\class-wc-shortcode-checkout.php(63): WC_Shortcode_Checkout::or in E:\xampp\htdocs\kankunsa_store\wp-content\plugins\wooxero\wooxero.php on line 140

2019-06-23T10:34:58+00:00 CRITICAL Uncaught Error: Cannot use object of type WC_Order as array in E:\xampp\htdocs\kankunsa_store\wp-content\plugins\wooxero\wooxero.php:134
Stack trace:
#0 E:\xampp\htdocs\kankunsa_store\wp-includes\class-wp-hook.php(286): order_compler(2805)
#1 E:\xampp\htdocs\kankunsa_store\wp-includes\class-wp-hook.php(310): WP_Hook->apply_filters(NULL, Array)
#2 E:\xampp\htdocs\kankunsa_store\wp-includes\plugin.php(465): WP_Hook->do_action(Array)
#3 E:\xampp\htdocs\kankunsa_store\wp-content\plugins\woocommerce\templates\checkout\thankyou.php(78): do_action('woocommerce_tha...', 2805)
#4 E:\xampp\htdocs\kankunsa_store\wp-content\plugins\woocommerce\includes\wc-core-functions.php(249): include('E:\\xampp\\htdocs...')
#5 E:\xampp\htdocs\kankunsa_store\wp-content\plugins\woocommerce\includes\shortcodes\class-wc-shortcode-checkout.php(248): wc_get_template('checkout/thanky...', Array)
#6 E:\xampp\htdocs\kankunsa_store\wp-content\plugins\woocommerce\includes\shortcodes\class-wc-shortcode-checkout.php(63): WC_Shortcode_Checkout::or in E:\xampp\htdocs\kankunsa_store\wp-content\plugins\wooxero\wooxero.php on line 134

2019-06-23T11:31:25+00:00 CRITICAL Uncaught Error: Call to a member function request() on null in E:\xampp\htdocs\kankunsa_store\wp-content\plugins\wooxero\wooxero.php:158
Stack trace:
#0 E:\xampp\htdocs\kankunsa_store\wp-includes\class-wp-hook.php(286): order_compler(2805)
#1 E:\xampp\htdocs\kankunsa_store\wp-includes\class-wp-hook.php(310): WP_Hook->apply_filters(NULL, Array)
#2 E:\xampp\htdocs\kankunsa_store\wp-includes\plugin.php(465): WP_Hook->do_action(Array)
#3 E:\xampp\htdocs\kankunsa_store\wp-content\plugins\woocommerce\templates\checkout\thankyou.php(78): do_action('woocommerce_tha...', 2805)
#4 E:\xampp\htdocs\kankunsa_store\wp-content\plugins\woocommerce\includes\wc-core-functions.php(249): include('E:\\xampp\\htdocs...')
#5 E:\xampp\htdocs\kankunsa_store\wp-content\plugins\woocommerce\includes\shortcodes\class-wc-shortcode-checkout.php(248): wc_get_template('checkout/thanky...', Array)
#6 E:\xampp\htdocs\kankunsa_store\wp-content\plugins\woocommerce\includes\shortcodes\class-wc-shortcode-checkout.php(63): WC_Shortcode_Checkout::or in E:\xampp\htdocs\kankunsa_store\wp-content\plugins\wooxero\wooxero.php on line 158

2019-06-23T11:31:48+00:00 CRITICAL Uncaught Error: Call to a member function request() on null in E:\xampp\htdocs\kankunsa_store\wp-content\plugins\wooxero\wooxero.php:158
Stack trace:
#0 E:\xampp\htdocs\kankunsa_store\wp-includes\class-wp-hook.php(286): order_compler(2805)
#1 E:\xampp\htdocs\kankunsa_store\wp-includes\class-wp-hook.php(310): WP_Hook->apply_filters(NULL, Array)
#2 E:\xampp\htdocs\kankunsa_store\wp-includes\plugin.php(465): WP_Hook->do_action(Array)
#3 E:\xampp\htdocs\kankunsa_store\wp-content\plugins\woocommerce\templates\checkout\thankyou.php(78): do_action('woocommerce_tha...', 2805)
#4 E:\xampp\htdocs\kankunsa_store\wp-content\plugins\woocommerce\includes\wc-core-functions.php(249): include('E:\\xampp\\htdocs...')
#5 E:\xampp\htdocs\kankunsa_store\wp-content\plugins\woocommerce\includes\shortcodes\class-wc-shortcode-checkout.php(248): wc_get_template('checkout/thanky...', Array)
#6 E:\xampp\htdocs\kankunsa_store\wp-content\plugins\woocommerce\includes\shortcodes\class-wc-shortcode-checkout.php(63): WC_Shortcode_Checkout::or in E:\xampp\htdocs\kankunsa_store\wp-content\plugins\wooxero\wooxero.php on line 158

2019-06-23T12:08:24+00:00 CRITICAL Uncaught Error: Call to a member function request() on null in E:\xampp\htdocs\kankunsa_store\wp-content\plugins\wooxero\wooxero.php:155
Stack trace:
#0 E:\xampp\htdocs\kankunsa_store\wp-includes\class-wp-hook.php(286): order_compler(2805)
#1 E:\xampp\htdocs\kankunsa_store\wp-includes\class-wp-hook.php(310): WP_Hook->apply_filters(NULL, Array)
#2 E:\xampp\htdocs\kankunsa_store\wp-includes\plugin.php(465): WP_Hook->do_action(Array)
#3 E:\xampp\htdocs\kankunsa_store\wp-content\plugins\woocommerce\templates\checkout\thankyou.php(78): do_action('woocommerce_tha...', 2805)
#4 E:\xampp\htdocs\kankunsa_store\wp-content\plugins\woocommerce\includes\wc-core-functions.php(249): include('E:\\xampp\\htdocs...')
#5 E:\xampp\htdocs\kankunsa_store\wp-content\plugins\woocommerce\includes\shortcodes\class-wc-shortcode-checkout.php(248): wc_get_template('checkout/thanky...', Array)
#6 E:\xampp\htdocs\kankunsa_store\wp-content\plugins\woocommerce\includes\shortcodes\class-wc-shortcode-checkout.php(63): WC_Shortcode_Checkout::or in E:\xampp\htdocs\kankunsa_store\wp-content\plugins\wooxero\wooxero.php on line 155

2019-06-23T12:08:56+00:00 CRITICAL Uncaught Error: Call to a member function request() on null in E:\xampp\htdocs\kankunsa_store\wp-content\plugins\wooxero\wooxero.php:155
Stack trace:
#0 E:\xampp\htdocs\kankunsa_store\wp-includes\class-wp-hook.php(286): order_compler(2805)
#1 E:\xampp\htdocs\kankunsa_store\wp-includes\class-wp-hook.php(310): WP_Hook->apply_filters(NULL, Array)
#2 E:\xampp\htdocs\kankunsa_store\wp-includes\plugin.php(465): WP_Hook->do_action(Array)
#3 E:\xampp\htdocs\kankunsa_store\wp-content\plugins\woocommerce\templates\checkout\thankyou.php(78): do_action('woocommerce_tha...', 2805)
#4 E:\xampp\htdocs\kankunsa_store\wp-content\plugins\woocommerce\includes\wc-core-functions.php(249): include('E:\\xampp\\htdocs...')
#5 E:\xampp\htdocs\kankunsa_store\wp-content\plugins\woocommerce\includes\shortcodes\class-wc-shortcode-checkout.php(248): wc_get_template('checkout/thanky...', Array)
#6 E:\xampp\htdocs\kankunsa_store\wp-content\plugins\woocommerce\includes\shortcodes\class-wc-shortcode-checkout.php(63): WC_Shortcode_Checkout::or in E:\xampp\htdocs\kankunsa_store\wp-content\plugins\wooxero\wooxero.php on line 155

